
[2026-01-20T06:03:20.009Z]
Platform: win32 (x64)
CPU: 12th Gen Intel(R) Core(TM) i5-12450H (12 cores)
Memory: 7.93 GB free / 15.65 GB total
----------------------------------------

[2026-01-20T06:03:25.021Z]
Platform: win32 (x64)
CPU: 12th Gen Intel(R) Core(TM) i5-12450H (12 cores)
Memory: 7.92 GB free / 15.65 GB total
----------------------------------------

[2026-01-20T06:03:30.026Z]
Platform: win32 (x64)
CPU: 12th Gen Intel(R) Core(TM) i5-12450H (12 cores)
Memory: 7.93 GB free / 15.65 GB total
----------------------------------------

[2026-01-20T06:03:35.029Z]
Platform: win32 (x64)
CPU: 12th Gen Intel(R) Core(TM) i5-12450H (12 cores)
Memory: 7.92 GB free / 15.65 GB total
----------------------------------------
